Log file created at: 2022-10-25 22:18:20 2085 139809991407488
2022-10-25 22:18:20 2085 139809991407488 base/mmap.cc(153) LOG(WARNING) open failed: /home/yl/.config/mozc/.registry.db
2022-10-25 22:18:20 2085 139809991407488 storage/tiny_storage.cc(129) LOG(WARNING) cannot open:/home/yl/.config/mozc/.registry.db
2022-10-25 22:18:20 2085 139809991407488 dictionary/user_dictionary.cc(253) LOG(WARNING) Cannot get modification time of the user dictionary: NOT_FOUND: stat failed: /home/yl/.config/mozc/user_dictionary.db: errno=2
2022-10-25 22:18:20 2085 139809991407488 dictionary/user_dictionary.cc(491) LOG(INFO) MaybeStartReload() didn't start reloading
2022-10-25 22:18:20 2085 139809985234624 base/mmap.cc(153) LOG(WARNING) open failed: /home/yl/.config/mozc/.history.db
2022-10-25 22:18:20 2085 139809985234624 storage/encrypted_string_storage.cc(72) LOG(ERROR) cannot open user history file
2022-10-25 22:18:20 2085 139809985234624 prediction/user_history_predictor.cc(231) LOG(ERROR) Can't load user history data.
2022-10-25 22:18:20 2085 139809985234624 prediction/user_history_predictor.cc(464) LOG(ERROR) UserHistoryStorage::Load() failed
2022-10-25 22:18:20 2085 139809991407488 config/config_handler.cc(237) LOG(ERROR) user://config1.db is not found
2022-10-25 22:18:21 2085 139809901242048 dictionary/user_dictionary.cc(253) LOG(WARNING) Cannot get modification time of the user dictionary: NOT_FOUND: stat failed: /home/yl/.config/mozc/user_dictionary.db: errno=2
2022-10-25 22:18:21 2085 139809901242048 dictionary/user_dictionary.cc(491) LOG(INFO) MaybeStartReload() didn't start reloading
2022-10-25 22:18:21 2085 139809985234624 base/mmap.cc(153) LOG(WARNING) open failed: /home/yl/.config/mozc/.history.db
2022-10-25 22:18:21 2085 139809985234624 storage/encrypted_string_storage.cc(72) LOG(ERROR) cannot open user history file
2022-10-25 22:18:21 2085 139809985234624 prediction/user_history_predictor.cc(231) LOG(ERROR) Can't load user history data.
2022-10-25 22:18:21 2085 139809985234624 prediction/user_history_predictor.cc(464) LOG(ERROR) UserHistoryStorage::Load() failed
Log file created at: 2022-10-25 23:18:36 14114 140580078708608
2022-10-25 23:18:36 14114 140580078708608 dictionary/user_dictionary.cc(253) LOG(WARNING) Cannot get modification time of the user dictionary: NOT_FOUND: stat failed: /home/yl/.config/mozc/user_dictionary.db: errno=2
2022-10-25 23:18:36 14114 140580078708608 dictionary/user_dictionary.cc(491) LOG(INFO) MaybeStartReload() didn't start reloading
2022-10-25 23:18:36 14114 140580073309888 base/mmap.cc(153) LOG(WARNING) open failed: /home/yl/.config/mozc/.history.db
2022-10-25 23:18:36 14114 140580073309888 storage/encrypted_string_storage.cc(72) LOG(ERROR) cannot open user history file
2022-10-25 23:18:36 14114 140580073309888 prediction/user_history_predictor.cc(231) LOG(ERROR) Can't load user history data.
2022-10-25 23:18:36 14114 140580073309888 prediction/user_history_predictor.cc(464) LOG(ERROR) UserHistoryStorage::Load() failed
2022-10-25 23:18:36 14114 140580078708608 config/config_handler.cc(237) LOG(ERROR) user://config1.db is not found
2022-10-25 23:18:36 14114 140579983849152 dictionary/user_dictionary.cc(253) LOG(WARNING) Cannot get modification time of the user dictionary: NOT_FOUND: stat failed: /home/yl/.config/mozc/user_dictionary.db: errno=2
2022-10-25 23:18:36 14114 140579983849152 dictionary/user_dictionary.cc(491) LOG(INFO) MaybeStartReload() didn't start reloading
2022-10-25 23:18:36 14114 140580073309888 base/mmap.cc(153) LOG(WARNING) open failed: /home/yl/.config/mozc/.history.db
2022-10-25 23:18:36 14114 140580073309888 storage/encrypted_string_storage.cc(72) LOG(ERROR) cannot open user history file
2022-10-25 23:18:36 14114 140580073309888 prediction/user_history_predictor.cc(231) LOG(ERROR) Can't load user history data.
2022-10-25 23:18:36 14114 140580073309888 prediction/user_history_predictor.cc(464) LOG(ERROR) UserHistoryStorage::Load() failed
Log file created at: 2022-10-26 10:01:45 73643 140342949926784
2022-10-26 10:01:45 73643 140342949926784 dictionary/user_dictionary.cc(253) LOG(WARNING) Cannot get modification time of the user dictionary: NOT_FOUND: stat failed: /home/yl/.config/mozc/user_dictionary.db: errno=2
2022-10-26 10:01:45 73643 140342949926784 dictionary/user_dictionary.cc(491) LOG(INFO) MaybeStartReload() didn't start reloading
2022-10-26 10:01:45 73643 140342944405184 base/mmap.cc(153) LOG(WARNING) open failed: /home/yl/.config/mozc/.history.db
2022-10-26 10:01:45 73643 140342944405184 storage/encrypted_string_storage.cc(72) LOG(ERROR) cannot open user history file
2022-10-26 10:01:45 73643 140342944405184 prediction/user_history_predictor.cc(231) LOG(ERROR) Can't load user history data.
2022-10-26 10:01:45 73643 140342944405184 prediction/user_history_predictor.cc(464) LOG(ERROR) UserHistoryStorage::Load() failed
2022-10-26 10:01:45 73643 140342949926784 config/config_handler.cc(237) LOG(ERROR) user://config1.db is not found
2022-10-26 10:01:45 73643 140342927619776 dictionary/user_dictionary.cc(253) LOG(WARNING) Cannot get modification time of the user dictionary: NOT_FOUND: stat failed: /home/yl/.config/mozc/user_dictionary.db: errno=2
2022-10-26 10:01:45 73643 140342927619776 dictionary/user_dictionary.cc(491) LOG(INFO) MaybeStartReload() didn't start reloading
2022-10-26 10:01:45 73643 140342944405184 base/mmap.cc(153) LOG(WARNING) open failed: /home/yl/.config/mozc/.history.db
2022-10-26 10:01:45 73643 140342944405184 storage/encrypted_string_storage.cc(72) LOG(ERROR) cannot open user history file
2022-10-26 10:01:45 73643 140342944405184 prediction/user_history_predictor.cc(231) LOG(ERROR) Can't load user history data.
2022-10-26 10:01:45 73643 140342944405184 prediction/user_history_predictor.cc(464) LOG(ERROR) UserHistoryStorage::Load() failed
2022-10-26 10:13:45 73643 140342944405184 base/mmap.cc(153) LOG(WARNING) open failed: /home/yl/.config/mozc/.encrypt_key.db
2022-10-26 10:13:45 73643 140342944405184 base/password_manager.cc(129) LOG(ERROR) cannot open: /home/yl/.config/mozc/.encrypt_key.db
2022-10-26 10:13:45 73643 140342944405184 base/password_manager.cc(191) LOG(ERROR) LoadPassword failed
2022-10-26 10:13:45 73643 140342944405184 base/password_manager.cc(295) LOG(WARNING) Cannot get password. call InitPassword
2022-10-26 10:13:45 73643 140342944405184 base/mmap.cc(153) LOG(WARNING) open failed: /home/yl/.config/mozc/.encrypt_key.db
2022-10-26 10:13:45 73643 140342944405184 base/password_manager.cc(129) LOG(ERROR) cannot open: /home/yl/.config/mozc/.encrypt_key.db
2022-10-26 10:13:45 73643 140342944405184 base/password_manager.cc(191) LOG(ERROR) LoadPassword failed
2022-10-26 10:13:45 73643 140342944405184 base/password_manager.cc(77) LOG(WARNING) file not found: /home/yl/.config/mozc/.encrypt_key.db: NOT_FOUND: Cannot stat /home/yl/.config/mozc/.encrypt_key.db: errno=2
Log file created at: 2022-10-26 12:15:49 50555 140444138059648
2022-10-26 12:15:49 50555 140444138059648 dictionary/user_dictionary.cc(253) LOG(WARNING) Cannot get modification time of the user dictionary: NOT_FOUND: stat failed: /home/yl/.config/mozc/user_dictionary.db: errno=2
2022-10-26 12:15:49 50555 140444138059648 dictionary/user_dictionary.cc(491) LOG(INFO) MaybeStartReload() didn't start reloading
2022-10-26 12:15:49 50555 140444138059648 config/config_handler.cc(237) LOG(ERROR) user://config1.db is not found
2022-10-26 12:15:49 50555 140444115756736 dictionary/user_dictionary.cc(253) LOG(WARNING) Cannot get modification time of the user dictionary: NOT_FOUND: stat failed: /home/yl/.config/mozc/user_dictionary.db: errno=2
2022-10-26 12:15:49 50555 140444115756736 dictionary/user_dictionary.cc(491) LOG(INFO) MaybeStartReload() didn't start reloading
Log file created at: 2022-10-26 13:01:59 1791 139713656362880
2022-10-26 13:01:59 1791 139713656362880 dictionary/user_dictionary.cc(253) LOG(WARNING) Cannot get modification time of the user dictionary: NOT_FOUND: stat failed: /home/yl/.config/mozc/user_dictionary.db: errno=2
2022-10-26 13:01:59 1791 139713656362880 dictionary/user_dictionary.cc(491) LOG(INFO) MaybeStartReload() didn't start reloading
2022-10-26 13:01:59 1791 139713656362880 config/config_handler.cc(237) LOG(ERROR) user://config1.db is not found
2022-10-26 13:01:59 1791 139713633674944 dictionary/user_dictionary.cc(253) LOG(WARNING) Cannot get modification time of the user dictionary: NOT_FOUND: stat failed: /home/yl/.config/mozc/user_dictionary.db: errno=2
2022-10-26 13:01:59 1791 139713633674944 dictionary/user_dictionary.cc(491) LOG(INFO) MaybeStartReload() didn't start reloading
Log file created at: 2022-10-26 13:47:46 31750 140412847179648
2022-10-26 13:47:46 31750 140412847179648 dictionary/user_dictionary.cc(253) LOG(WARNING) Cannot get modification time of the user dictionary: NOT_FOUND: stat failed: /home/yl/.config/mozc/user_dictionary.db: errno=2
2022-10-26 13:47:46 31750 140412847179648 dictionary/user_dictionary.cc(491) LOG(INFO) MaybeStartReload() didn't start reloading
2022-10-26 13:47:46 31750 140412847179648 config/config_handler.cc(237) LOG(ERROR) user://config1.db is not found
2022-10-26 13:47:46 31750 140412824151744 dictionary/user_dictionary.cc(253) LOG(WARNING) Cannot get modification time of the user dictionary: NOT_FOUND: stat failed: /home/yl/.config/mozc/user_dictionary.db: errno=2
2022-10-26 13:47:46 31750 140412824151744 dictionary/user_dictionary.cc(491) LOG(INFO) MaybeStartReload() didn't start reloading
Log file created at: 2022-10-26 18:20:40 2997 139920277321600
2022-10-26 18:20:40 2997 139920277321600 dictionary/user_dictionary.cc(253) LOG(WARNING) Cannot get modification time of the user dictionary: NOT_FOUND: stat failed: /home/yl/.config/mozc/user_dictionary.db: errno=2
2022-10-26 18:20:40 2997 139920277321600 dictionary/user_dictionary.cc(491) LOG(INFO) MaybeStartReload() didn't start reloading
2022-10-26 18:20:40 2997 139920277321600 config/config_handler.cc(237) LOG(ERROR) user://config1.db is not found
2022-10-26 18:20:40 2997 139920255022784 dictionary/user_dictionary.cc(253) LOG(WARNING) Cannot get modification time of the user dictionary: NOT_FOUND: stat failed: /home/yl/.config/mozc/user_dictionary.db: errno=2
2022-10-26 18:20:40 2997 139920255022784 dictionary/user_dictionary.cc(491) LOG(INFO) MaybeStartReload() didn't start reloading
Log file created at: 2022-10-26 20:47:13 5444 140255094683520
2022-10-26 20:47:13 5444 140255094683520 dictionary/user_dictionary.cc(253) LOG(WARNING) Cannot get modification time of the user dictionary: NOT_FOUND: stat failed: /home/yl/.config/mozc/user_dictionary.db: errno=2
2022-10-26 20:47:13 5444 140255094683520 dictionary/user_dictionary.cc(491) LOG(INFO) MaybeStartReload() didn't start reloading
2022-10-26 20:47:13 5444 140255094683520 config/config_handler.cc(237) LOG(ERROR) user://config1.db is not found
2022-10-26 20:47:13 5444 140255072184000 dictionary/user_dictionary.cc(253) LOG(WARNING) Cannot get modification time of the user dictionary: NOT_FOUND: stat failed: /home/yl/.config/mozc/user_dictionary.db: errno=2
2022-10-26 20:47:13 5444 140255072184000 dictionary/user_dictionary.cc(491) LOG(INFO) MaybeStartReload() didn't start reloading
2022-10-26 22:12:44 5444 140255072184000 session/session_handler.cc(494) LOG(WARNING) SessionID 18244220956702699940 is not available
2022-10-26 22:12:44 5444 140255072184000 dictionary/user_dictionary.cc(253) LOG(WARNING) Cannot get modification time of the user dictionary: NOT_FOUND: stat failed: /home/yl/.config/mozc/user_dictionary.db: errno=2
2022-10-26 22:12:44 5444 140255072184000 dictionary/user_dictionary.cc(491) LOG(INFO) MaybeStartReload() didn't start reloading
Log file created at: 2022-10-27 11:32:58 2293 140718017312640
2022-10-27 11:32:58 2293 140718017312640 dictionary/user_dictionary.cc(253) LOG(WARNING) Cannot get modification time of the user dictionary: NOT_FOUND: stat failed: /home/yl/.config/mozc/user_dictionary.db: errno=2
2022-10-27 11:32:58 2293 140718017312640 dictionary/user_dictionary.cc(491) LOG(INFO) MaybeStartReload() didn't start reloading
2022-10-27 11:32:58 2293 140718017312640 config/config_handler.cc(237) LOG(ERROR) user://config1.db is not found
2022-10-27 11:32:58 2293 140717994866368 dictionary/user_dictionary.cc(253) LOG(WARNING) Cannot get modification time of the user dictionary: NOT_FOUND: stat failed: /home/yl/.config/mozc/user_dictionary.db: errno=2
2022-10-27 11:32:58 2293 140717994866368 dictionary/user_dictionary.cc(491) LOG(INFO) MaybeStartReload() didn't start reloading
2022-10-27 14:58:03 2293 140717994866368 session/session_handler.cc(494) LOG(WARNING) SessionID 13089469338103279260 is not available
2022-10-27 14:58:03 2293 140717994866368 dictionary/user_dictionary.cc(253) LOG(WARNING) Cannot get modification time of the user dictionary: NOT_FOUND: stat failed: /home/yl/.config/mozc/user_dictionary.db: errno=2
2022-10-27 14:58:03 2293 140717994866368 dictionary/user_dictionary.cc(491) LOG(INFO) MaybeStartReload() didn't start reloading
2022-10-27 15:09:28 2293 140717994866368 rewriter/user_segment_history_rewriter.cc(159) LOG(WARNING) Cannot find default candidate. key: おおさかべん, candidates_size: 2
2022-10-27 15:12:09 2293 140717994866368 dictionary/user_dictionary.cc(253) LOG(WARNING) Cannot get modification time of the user dictionary: NOT_FOUND: stat failed: /home/yl/.config/mozc/user_dictionary.db: errno=2
2022-10-27 15:12:09 2293 140717994866368 dictionary/user_dictionary.cc(491) LOG(INFO) MaybeStartReload() didn't start reloading
2022-10-27 15:12:10 2293 140717994866368 dictionary/user_dictionary.cc(253) LOG(WARNING) Cannot get modification time of the user dictionary: NOT_FOUND: stat failed: /home/yl/.config/mozc/user_dictionary.db: errno=2
2022-10-27 15:12:10 2293 140717994866368 dictionary/user_dictionary.cc(491) LOG(INFO) MaybeStartReload() didn't start reloading
2022-10-27 15:20:33 2293 140717994866368 dictionary/user_dictionary.cc(253) LOG(WARNING) Cannot get modification time of the user dictionary: NOT_FOUND: stat failed: /home/yl/.config/mozc/user_dictionary.db: errno=2
2022-10-27 15:20:33 2293 140717994866368 dictionary/user_dictionary.cc(491) LOG(INFO) MaybeStartReload() didn't start reloading
2022-10-27 15:20:34 2293 140717994866368 dictionary/user_dictionary.cc(253) LOG(WARNING) Cannot get modification time of the user dictionary: NOT_FOUND: stat failed: /home/yl/.config/mozc/user_dictionary.db: errno=2
2022-10-27 15:20:34 2293 140717994866368 dictionary/user_dictionary.cc(491) LOG(INFO) MaybeStartReload() didn't start reloading
Log file created at: 2022-10-27 15:21:41 1638 140003595270016
2022-10-27 15:21:41 1638 140003595270016 dictionary/user_dictionary.cc(253) LOG(WARNING) Cannot get modification time of the user dictionary: NOT_FOUND: stat failed: /home/yl/.config/mozc/user_dictionary.db: errno=2
2022-10-27 15:21:41 1638 140003595270016 dictionary/user_dictionary.cc(491) LOG(INFO) MaybeStartReload() didn't start reloading
2022-10-27 15:21:41 1638 140003573003968 dictionary/user_dictionary.cc(253) LOG(WARNING) Cannot get modification time of the user dictionary: NOT_FOUND: stat failed: /home/yl/.config/mozc/user_dictionary.db: errno=2
2022-10-27 15:21:41 1638 140003573003968 dictionary/user_dictionary.cc(491) LOG(INFO) MaybeStartReload() didn't start reloading
2022-10-27 15:22:05 1638 140003573003968 session/internal/keymap.cc(121) LOG(WARNING) custom_keymap_table is empty. use default setting
2022-10-27 15:22:18 1638 140003573003968 session/internal/keymap.cc(121) LOG(WARNING) custom_keymap_table is empty. use default setting
2022-10-27 15:22:47 1638 140003573003968 dictionary/user_dictionary.cc(253) LOG(WARNING) Cannot get modification time of the user dictionary: NOT_FOUND: stat failed: /home/yl/.config/mozc/user_dictionary.db: errno=2
2022-10-27 15:22:47 1638 140003573003968 dictionary/user_dictionary.cc(491) LOG(INFO) MaybeStartReload() didn't start reloading
2022-10-27 15:22:48 1638 140003573003968 dictionary/user_dictionary.cc(253) LOG(WARNING) Cannot get modification time of the user dictionary: NOT_FOUND: stat failed: /home/yl/.config/mozc/user_dictionary.db: errno=2
2022-10-27 15:22:48 1638 140003573003968 dictionary/user_dictionary.cc(491) LOG(INFO) MaybeStartReload() didn't start reloading
2022-10-27 15:22:48 1638 140003573003968 dictionary/user_dictionary.cc(253) LOG(WARNING) Cannot get modification time of the user dictionary: NOT_FOUND: stat failed: /home/yl/.config/mozc/user_dictionary.db: errno=2
2022-10-27 15:22:48 1638 140003573003968 dictionary/user_dictionary.cc(491) LOG(INFO) MaybeStartReload() didn't start reloading
2022-10-27 15:42:30 1638 140003573003968 session/internal/keymap.cc(121) LOG(WARNING) custom_keymap_table is empty. use default setting
Log file created at: 2022-10-27 15:46:48 1860 140198036711296
2022-10-27 15:46:48 1860 140198036711296 dictionary/user_dictionary.cc(253) LOG(WARNING) Cannot get modification time of the user dictionary: NOT_FOUND: stat failed: /home/yl/.config/mozc/user_dictionary.db: errno=2
2022-10-27 15:46:48 1860 140198036711296 dictionary/user_dictionary.cc(491) LOG(INFO) MaybeStartReload() didn't start reloading
2022-10-27 15:46:48 1860 140198014416576 dictionary/user_dictionary.cc(253) LOG(WARNING) Cannot get modification time of the user dictionary: NOT_FOUND: stat failed: /home/yl/.config/mozc/user_dictionary.db: errno=2
2022-10-27 15:46:48 1860 140198014416576 dictionary/user_dictionary.cc(491) LOG(INFO) MaybeStartReload() didn't start reloading
2022-10-27 15:54:19 1860 140198014416576 session/internal/keymap.cc(121) LOG(WARNING) custom_keymap_table is empty. use default setting
2022-10-27 15:54:21 1860 140198014416576 session/internal/keymap.cc(121) LOG(WARNING) custom_keymap_table is empty. use default setting
2022-10-27 15:54:23 1860 140198014416576 session/internal/keymap.cc(121) LOG(WARNING) custom_keymap_table is empty. use default setting
2022-10-27 15:54:30 1860 140198014416576 session/internal/keymap.cc(121) LOG(WARNING) custom_keymap_table is empty. use default setting
2022-10-27 16:04:02 1860 140198014416576 session/internal/keymap.cc(121) LOG(WARNING) custom_keymap_table is empty. use default setting
2022-10-27 17:02:55 1860 140198014416576 session/internal/keymap.cc(121) LOG(WARNING) custom_keymap_table is empty. use default setting
2022-10-27 17:02:59 1860 140198014416576 session/internal/keymap.cc(121) LOG(WARNING) custom_keymap_table is empty. use default setting
2022-10-27 17:07:11 1860 140198014416576 session/internal/keymap.cc(121) LOG(WARNING) custom_keymap_table is empty. use default setting
2022-10-27 17:16:53 1860 140198014416576 session/internal/keymap.cc(121) LOG(WARNING) custom_keymap_table is empty. use default setting
Log file created at: 2023-07-06 19:17:21 3012 140449856018432
2023-07-06 19:17:21 3012 140449856018432 storage/tiny_storage.cc(130) LOG(ERROR) the file is missing the header.
2023-07-06 19:17:21 3012 140449856018432 storage/registry.cc(63) LOG(ERROR) cannot open registry
2023-07-06 19:17:21 3012 140449856018432 dictionary/user_dictionary.cc(257) LOG(WARNING) Cannot get modification time of the user dictionary: NOT_FOUND: stat failed: /home/yl/.config/mozc/user_dictionary.db: No such file or directory
2023-07-06 19:17:21 3012 140449856018432 dictionary/user_dictionary.cc(494) LOG(INFO) MaybeStartReload() didn't start reloading
2023-07-06 19:17:21 3012 140449855456960 prediction/user_history_predictor.cc(249) LOG(INFO) [num_deleted > 0] 32 old entries were not loaded 0
2023-07-06 19:17:23 3012 140449836254912 session/session_converter.cc(1674) LOG(WARNING) ReconstructHistory failed.
2023-07-06 19:17:33 3012 140449836254912 session/session_converter.cc(1674) LOG(WARNING) ReconstructHistory failed.
2023-07-06 19:20:21 3012 140449844647616 ipc/ipc_path_manager.cc(414) LOG(WARNING) /usr/lib/mozc/mozc_server on disk is modified
